  main.cpp
C:\Users\Lipster\source\repos\opencv_projeto\opencv_projeto\main.cpp(10,12): warning C4244: 'inicializando': conversão de 'double' para 'float', possível perda de dados
C:\Users\Lipster\source\repos\opencv_projeto\opencv_projeto\main.cpp(64,47): warning C4267: 'argumento': conversão de 'size_t' para 'int', possível perda de dados
C:\Users\Lipster\source\repos\opencv_projeto\opencv_projeto\main.cpp(65,48): warning C4267: 'argumento': conversão de 'size_t' para 'int', possível perda de dados
C:\Users\Lipster\source\repos\opencv_projeto\opencv_projeto\main.cpp(66,47): warning C4267: 'argumento': conversão de 'size_t' para 'int', possível perda de dados
C:\Users\Lipster\source\repos\opencv_projeto\opencv_projeto\main.cpp(67,48): warning C4267: 'argumento': conversão de 'size_t' para 'int', possível perda de dados
C:\Users\Lipster\source\repos\opencv_projeto\opencv_projeto\main.cpp(109,18): warning C4244: 'inicializando': conversão de 'const _Ty' para 'float', possível perda de dados
          with
          [
              _Ty=double
          ]
C:\Users\Lipster\source\repos\opencv_projeto\opencv_projeto\main.cpp(110,17): warning C4244: 'inicializando': conversão de 'const _Ty' para 'float', possível perda de dados
          with
          [
              _Ty=double
          ]
C:\Users\Lipster\source\repos\opencv_projeto\opencv_projeto\main.cpp(128,12): warning C4244: 'inicializando': conversão de 'double' para 'float', possível perda de dados
C:\Users\Lipster\source\repos\opencv_projeto\opencv_projeto\main.cpp(146,43): warning C4244: 'argumento': conversão de 'int' para '_Tp', possível perda de dados
          with
          [
              _Tp=float
          ]
C:\Users\Lipster\source\repos\opencv_projeto\opencv_projeto\main.cpp(147,57): warning C4244: 'argumento': conversão de 'int' para '_Tp', possível perda de dados
          with
          [
              _Tp=float
          ]
C:\Users\Lipster\source\repos\opencv_projeto\opencv_projeto\main.cpp(147,43): warning C4244: 'argumento': conversão de 'int' para '_Tp', possível perda de dados
          with
          [
              _Tp=float
          ]
C:\Users\Lipster\source\repos\opencv_projeto\opencv_projeto\main.cpp(148,47): warning C4244: 'argumento': conversão de 'int' para '_Tp', possível perda de dados
          with
          [
              _Tp=float
          ]
C:\Users\Lipster\source\repos\opencv_projeto\opencv_projeto\main.cpp(289,18): warning C4244: 'inicializando': conversão de 'double' para 'float', possível perda de dados
C:\Users\Lipster\source\repos\opencv_projeto\opencv_projeto\main.cpp(309,18): warning C4244: 'inicializando': conversão de 'double' para 'float', possível perda de dados
C:\Users\Lipster\source\repos\opencv_projeto\opencv_projeto\main.cpp(332,20): warning C4244: 'argumento': conversão de 'double' para 'float', possível perda de dados
C:\Users\Lipster\source\repos\opencv_projeto\opencv_projeto\main.cpp(342,12): warning C4244: 'inicializando': conversão de '_Tp' para 'int', possível perda de dados
          with
          [
              _Tp=float
          ]
C:\Users\Lipster\source\repos\opencv_projeto\opencv_projeto\main.cpp(343,12): warning C4244: 'inicializando': conversão de '_Tp' para 'int', possível perda de dados
          with
          [
              _Tp=float
          ]
C:\Users\Lipster\source\repos\opencv_projeto\opencv_projeto\main.cpp(354,24): warning C4244: '+=': conversão de '_Tp' para 'int', possível perda de dados
          with
          [
              _Tp=float
          ]
C:\Users\Lipster\source\repos\opencv_projeto\opencv_projeto\main.cpp(355,24): warning C4244: '+=': conversão de '_Tp' para 'int', possível perda de dados
          with
          [
              _Tp=float
          ]
C:\Users\Lipster\source\repos\opencv_projeto\opencv_projeto\main.cpp(361,58): warning C4244: 'argumento': conversão de 'int' para '_Tp', possível perda de dados
          with
          [
              _Tp=float
          ]
C:\Users\Lipster\source\repos\opencv_projeto\opencv_projeto\main.cpp(361,32): warning C4244: 'argumento': conversão de 'int' para '_Tp', possível perda de dados
          with
          [
              _Tp=float
          ]
C:\Users\Lipster\source\repos\opencv_projeto\opencv_projeto\main.cpp(436,86): warning C4244: 'argumento': conversão de 'double' para '_Tp', possível perda de dados
          with
          [
              _Tp=int
          ]
C:\Users\Lipster\source\repos\opencv_projeto\opencv_projeto\main.cpp(436,74): warning C4244: 'argumento': conversão de 'double' para '_Tp', possível perda de dados
          with
          [
              _Tp=int
          ]
C:\Users\Lipster\source\repos\opencv_projeto\opencv_projeto\main.cpp(436,62): warning C4244: 'argumento': conversão de 'double' para '_Tp', possível perda de dados
          with
          [
              _Tp=int
          ]
C:\Users\Lipster\source\repos\opencv_projeto\opencv_projeto\main.cpp(436,43): warning C4244: 'argumento': conversão de 'double' para '_Tp', possível perda de dados
          with
          [
              _Tp=int
          ]
C:\Users\Lipster\source\repos\opencv_projeto\opencv_projeto\main.cpp(599,1): warning C4326: tipo de retorno de 'main' deve ser 'int' em vez de 'void'
C:\Users\Lipster\source\repos\opencv_projeto\opencv_projeto\main.cpp(611,69): warning C4244: 'argumento': conversão de 'double' para 'float', possível perda de dados
  opencv_projeto.vcxproj -> C:\Users\Lipster\source\repos\opencv_projeto\x64\Debug\opencv_projeto.exe
